<testsuite name="Mocha Tests" tests="0" failures="0" errors="0" skipped="0" timestamp="Fri, 22 Sep 2023 07:33:35 GMT" time="0">
</testsuite>
